<?xml version="1.0" encoding="UTF-8"?>
<!-- Generated by org.testng.reporters.JUnitReportReporter -->
<testsuite hostname="Sauravs-MacBook-Pro" name="testCases.BookATourTest" tests="1" failures="0" timestamp="19 May 2017 05:07:11 GMT" time="67.011" errors="0">
  <testcase name="BookTour" time="67.011" classname="testCases.BookATourTest"/>
</testsuite> <!-- testCases.BookATourTest -->
