<?xml version="1.0" encoding="UTF-8"?>
<!-- Generated by org.testng.reporters.JUnitReportReporter -->
<testsuite hostname="Sauravs-MacBook-Pro" name="testCases.LoginTest" tests="3" failures="0" timestamp="19 May 2017 05:07:11 GMT" time="16.566" errors="0">
  <testcase name="invalidLogin" time="2.643" classname="testCases.LoginTest"/>
  <testcase name="loginSucess" time="3.722" classname="testCases.LoginTest"/>
  <testcase name="checkOpenWindows" time="10.201" classname="testCases.LoginTest"/>
</testsuite> <!-- testCases.LoginTest -->
